<?xml version="1.0" encoding="UTF-8"?>
<!-- Generated by org.testng.reporters.JUnitReportReporter -->
<testsuite hostname="LAPTOP-ALOSCT3M" failures="0" tests="1" name="testcase.atomic.LoginTestUsingAPI" time="23.674" errors="0" timestamp="2022-08-24T01:49:25 PST" skipped="0">
  <testcase classname="testcase.atomic.LoginTestUsingAPI" name="loginDuringCheckout" time="23.674"/>
  <system-out/>
</testsuite> <!-- testcase.atomic.LoginTestUsingAPI -->
