<?xml version="1.0" encoding="UTF-8"?>
<!-- Generated by org.testng.reporters.JUnitReportReporter -->
<testsuite hostname="LAPTOP-ALOSCT3M" failures="0" tests="2" name="testcase.atomic.CheckOutTestUsingAPI" time="47.798" errors="0" timestamp="2022-08-24T01:49:25 PST" skipped="0">
  <testcase classname="testcase.atomic.CheckOutTestUsingAPI" name="guestCheckoutUsingDirectBankTransfer" time="22.663"/>
  <system-out/>
  <testcase classname="testcase.atomic.CheckOutTestUsingAPI" name="LoginAndCheckoutUsingDirectBankTransfer" time="25.135"/>
  <system-out/>
</testsuite> <!-- testcase.atomic.CheckOutTestUsingAPI -->
