<?xml version="1.0" encoding="UTF-8"?>
<!-- Generated by org.testng.reporters.JUnitReportReporter -->
<testsuite hostname="LAPTOP-ALOSCT3M" failures="0" tests="1" name="testcase.atomic.SearchTest" time="17.270" errors="0" timestamp="2022-08-28T05:27:22 PST" skipped="0">
  <testcase classname="testcase.atomic.SearchTest" name="searchWithPartialMatch" time="17.270"/>
  <system-out/>
</testsuite> <!-- testcase.atomic.SearchTest -->
