<?xml version="1.0" encoding="UTF-8"?>
<!-- Generated by org.testng.reporters.JUnitReportReporter -->
<testsuite hostname="LAPTOP-ALOSCT3M" failures="0" tests="1" name="testcase.NavigationTest" time="4.592" errors="0" timestamp="2022-08-20T16:33:44 PST" skipped="0">
  <testcase classname="testcase.NavigationTest" name="NavigateFromHomeToStoreUsingMainMenu" time="4.592"/>
  <system-out/>
</testsuite> <!-- testcase.NavigationTest -->
