<?xml version="1.0" encoding="UTF-8"?>
<!-- Generated by org.testng.reporters.JUnitReportReporter -->
<testsuite hostname="LAPTOP-ALOSCT3M" failures="0" tests="1" name="testcase.atomic.NavigationTest" time="9.363" errors="0" timestamp="2022-08-28T05:48:39 PST" skipped="0">
  <testcase classname="testcase.atomic.NavigationTest" name="NavigateFromHomeToStoreUsingMainMenu" time="9.363"/>
  <system-out/>
</testsuite> <!-- testcase.atomic.NavigationTest -->
