<?xml version="1.0" encoding="UTF-8"?>
<!-- Generated by org.testng.reporters.JUnitReportReporter -->
<testsuite hostname="LAPTOP-ALOSCT3M" failures="0" tests="1" name="testcase.atomic.LoginTest" time="14.737" errors="0" timestamp="2022-08-24T00:46:13 PST" skipped="0">
  <testcase classname="testcase.atomic.LoginTest" name="loginDuringCheckout" time="14.737"/>
  <system-out/>
</testsuite> <!-- testcase.atomic.LoginTest -->
