<?xml version="1.0" encoding="UTF-8"?>
<!-- Generated by org.testng.reporters.JUnitReportReporter -->
<testsuite hostname="LAPTOP-ALOSCT3M" failures="0" tests="1" name="testcase.atomic.LoginUsingAPITest" time="41.785" errors="0" timestamp="2022-08-28T05:27:22 PST" skipped="0">
  <testcase classname="testcase.atomic.LoginUsingAPITest" name="loginDuringCheckout" time="41.785"/>
  <system-out/>
</testsuite> <!-- testcase.atomic.LoginUsingAPITest -->
