<?xml version="1.0" encoding="UTF-8"?>
<!-- Generated by org.testng.reporters.JUnitReportReporter -->
<testsuite hostname="LAPTOP-ALOSCT3M" failures="0" tests="2" name="testcase.MyFirstTestCase" time="10.750" errors="0" timestamp="2022-08-26T06:00:03 PST" skipped="1">
  <testcase classname="testcase.MyFirstTestCase" name="guestCheckoutUsingDirectBankTransfer" time="10.750"/>
  <system-out/>
  <testcase classname="testcase.MyFirstTestCase" name="loginAndCheckoutUsingDirectBankTransfer">
    <skipped/>
  </testcase> <!-- loginAndCheckoutUsingDirectBankTransfer -->
  <system-out/>
</testsuite> <!-- testcase.MyFirstTestCase -->
