<?xml version="1.0" encoding="UTF-8"?>
<!-- Generated by org.testng.reporters.JUnitReportReporter -->
<testsuite hostname="LAPTOP-ALOSCT3M" failures="0" tests="6" name="testcase.atomic.AddToCartTest" time="265.608" errors="0" timestamp="2022-08-28T05:27:22 PST" skipped="0">
  <testcase classname="testcase.atomic.AddToCartTest" name="addToCartFeaturedProducts" time="28.098"/>
  <system-out/>
  <testcase classname="testcase.atomic.AddToCartTest" name="addToCartFeaturedProducts" time="62.717"/>
  <system-out/>
  <testcase classname="testcase.atomic.AddToCartTest" name="addToCartFromStorePage" time="67.564"/>
  <system-out/>
  <testcase classname="testcase.atomic.AddToCartTest" name="addToCartFeaturedProducts" time="18.971"/>
  <system-out/>
  <testcase classname="testcase.atomic.AddToCartTest" name="addToCartFeaturedProducts" time="51.581"/>
  <system-out/>
  <testcase classname="testcase.atomic.AddToCartTest" name="addToCartFeaturedProducts" time="36.677"/>
  <system-out/>
</testsuite> <!-- testcase.atomic.AddToCartTest -->
