<?xml version="1.0" encoding="UTF-8"?>
<!-- Generated by org.testng.reporters.JUnitReportReporter -->
<testsuite hostname="LAPTOP-ALOSCT3M" failures="0" tests="1" name="testcase.atomic.AddToCart" time="5.981" errors="0" timestamp="2022-08-20T17:37:07 PST" skipped="0">
  <testcase classname="testcase.atomic.AddToCart" name="addToCartFromStorePage" time="5.981"/>
  <system-out/>
</testsuite> <!-- testcase.atomic.AddToCart -->
