<?xml version="1.0" encoding="UTF-8"?>
<!-- Generated by org.testng.reporters.JUnitReportReporter -->
<testsuite hostname="LAPTOP-ALOSCT3M" failures="0" tests="2" name="testcase.atomic.CheckOutUsingAPITest" time="90.050" errors="0" timestamp="2022-08-28T05:27:22 PST" skipped="0">
  <testcase classname="testcase.atomic.CheckOutUsingAPITest" name="guestCheckoutUsingDirectBankTransfer" time="43.645"/>
  <system-out/>
  <testcase classname="testcase.atomic.CheckOutUsingAPITest" name="LoginAndCheckoutUsingDirectBankTransfer" time="46.405"/>
  <system-out/>
</testsuite> <!-- testcase.atomic.CheckOutUsingAPITest -->
