<?xml version="1.0" encoding="UTF-8"?>
<!-- Generated by org.testng.reporters.JUnitReportReporter -->
<testsuite hostname="LAPTOP-ALOSCT3M" failures="0" tests="2" name="testcase.atomic.CheckOutUsingAPITest" time="46.374" errors="0" timestamp="2022-08-24T04:32:16 PST" skipped="0">
  <testcase classname="testcase.atomic.CheckOutUsingAPITest" name="LoginAndCheckoutUsingDirectBankTransfer" time="24.509"/>
  <system-out/>
  <testcase classname="testcase.atomic.CheckOutUsingAPITest" name="guestCheckoutUsingDirectBankTransfer" time="21.865"/>
  <system-out/>
</testsuite> <!-- testcase.atomic.CheckOutUsingAPITest -->
