<?xml version="1.0" encoding="UTF-8"?>
<!-- Generated by org.testng.reporters.JUnitReportReporter -->
<testsuite hostname="LAPTOP-ALOSCT3M" failures="0" tests="1" name="testcase.atomic.LoginUsingAPITest" time="22.900" errors="0" timestamp="2022-08-24T04:32:16 PST" skipped="0">
  <testcase classname="testcase.atomic.LoginUsingAPITest" name="loginDuringCheckout" time="22.900"/>
  <system-out/>
</testsuite> <!-- testcase.atomic.LoginUsingAPITest -->
