<?xml version="1.0" encoding="UTF-8"?>
<!-- Generated by org.testng.reporters.JUnitReportReporter -->
<testsuite hostname="LAPTOP-ALOSCT3M" failures="0" tests="1" name="testcase.atomic.AddToCartTest" time="17.569" errors="0" timestamp="2022-08-24T04:32:16 PST" skipped="0">
  <testcase classname="testcase.atomic.AddToCartTest" name="addToCartFromStorePage" time="17.569"/>
  <system-out/>
</testsuite> <!-- testcase.atomic.AddToCartTest -->
